<?xml version="1.0" encoding="UTF-8"?>
<!-- Generated by org.testng.reporters.JUnitReportReporter -->
<testsuite skipped="0" hostname="Karthik" name="BTCexchange.BTCexchange.BtcPriceChecker" tests="1" failures="0" timestamp="10 Apr 2018 01:06:16 GMT" time="37.474" errors="0">
  <testcase name="priceCheckerTest" time="37.474" classname="BTCexchange.BTCexchange.BtcPriceChecker"/>
</testsuite> <!-- BTCexchange.BTCexchange.BtcPriceChecker -->
