<?xml version="1.0" encoding="UTF-8"?>
<!-- Generated by org.testng.reporters.JUnitReportReporter -->
<testsuite skipped="0" hostname="Karthik" name="BTCexchange.BTCexchange.Btc" tests="1" failures="0" timestamp="08 Apr 2018 21:22:19 GMT" time="36.410" errors="0">
  <testcase name="Btc_test" time="36.410" classname="BTCexchange.BTCexchange.Btc"/>
</testsuite> <!-- BTCexchange.BTCexchange.Btc -->
